Linked: (/home/pedro/ros/workspaces/atom/devel/.private/rviz/include/rviz/rviz_export.h, /home/pedro/ros/workspaces/atom/devel/include/rviz/rviz_export.h)
Linked: (/home/pedro/ros/workspaces/atom/devel/.private/rviz/include/rviz/SendFilePathResponse.h, /home/pedro/ros/workspaces/atom/devel/include/rviz/SendFilePathResponse.h)
Linked: (/home/pedro/ros/workspaces/atom/devel/.private/rviz/include/rviz/SendFilePath.h, /home/pedro/ros/workspaces/atom/devel/include/rviz/SendFilePath.h)
Linked: (/home/pedro/ros/workspaces/atom/devel/.private/rviz/include/rviz/SendFilePathRequest.h, /home/pedro/ros/workspaces/atom/devel/include/rviz/SendFilePathRequest.h)
Linked: (/home/pedro/ros/workspaces/atom/devel/.private/rviz/include/rviz/default_plugin/rviz_default_plugin_export.h, /home/pedro/ros/workspaces/atom/devel/include/rviz/default_plugin/rviz_default_plugin_export.h)
Linked: (/home/pedro/ros/workspaces/atom/devel/.private/rviz/lib/librviz_default_plugin.so, /home/pedro/ros/workspaces/atom/devel/lib/librviz_default_plugin.so)
Linked: (/home/pedro/ros/workspaces/atom/devel/.private/rviz/lib/librviz.so, /home/pedro/ros/workspaces/atom/devel/lib/librviz.so)
Linked: (/home/pedro/ros/workspaces/atom/devel/.private/rviz/lib/python3/dist-packages/rviz/librviz_sip.so, /home/pedro/ros/workspaces/atom/devel/lib/python3/dist-packages/rviz/librviz_sip.so)
Linked: (/home/pedro/ros/workspaces/atom/devel/.private/rviz/lib/python3/dist-packages/rviz/librviz_sip.exp, /home/pedro/ros/workspaces/atom/devel/lib/python3/dist-packages/rviz/librviz_sip.exp)
Linked: (/home/pedro/ros/workspaces/atom/devel/.private/rviz/lib/python3/dist-packages/rviz/__init__.py, /home/pedro/ros/workspaces/atom/devel/lib/python3/dist-packages/rviz/__init__.py)
Linked: (/home/pedro/ros/workspaces/atom/devel/.private/rviz/lib/python3/dist-packages/rviz/srv/_SendFilePath.py, /home/pedro/ros/workspaces/atom/devel/lib/python3/dist-packages/rviz/srv/_SendFilePath.py)
Linked: (/home/pedro/ros/workspaces/atom/devel/.private/rviz/lib/python3/dist-packages/rviz/srv/__init__.py, /home/pedro/ros/workspaces/atom/devel/lib/python3/dist-packages/rviz/srv/__init__.py)
Linked: (/home/pedro/ros/workspaces/atom/devel/.private/rviz/lib/rviz/two_render_widgets, /home/pedro/ros/workspaces/atom/devel/lib/rviz/two_render_widgets)
Linked: (/home/pedro/ros/workspaces/atom/devel/.private/rviz/lib/rviz/render_panel_test, /home/pedro/ros/workspaces/atom/devel/lib/rviz/render_panel_test)
Linked: (/home/pedro/ros/workspaces/atom/devel/.private/rviz/lib/rviz/image_view, /home/pedro/ros/workspaces/atom/devel/lib/rviz/image_view)
Linked: (/home/pedro/ros/workspaces/atom/devel/.private/rviz/lib/rviz/rviz, /home/pedro/ros/workspaces/atom/devel/lib/rviz/rviz)
Linked: (/home/pedro/ros/workspaces/atom/devel/.private/rviz/lib/rviz/connect_test, /home/pedro/ros/workspaces/atom/devel/lib/rviz/connect_test)
Linked: (/home/pedro/ros/workspaces/atom/devel/.private/rviz/lib/rviz/new_display_dialog_test, /home/pedro/ros/workspaces/atom/devel/lib/rviz/new_display_dialog_test)
Linked: (/home/pedro/ros/workspaces/atom/devel/.private/rviz/lib/rviz/interactive_marker_test, /home/pedro/ros/workspaces/atom/devel/lib/rviz/interactive_marker_test)
Linked: (/home/pedro/ros/workspaces/atom/devel/.private/rviz/lib/rviz/render_points_test, /home/pedro/ros/workspaces/atom/devel/lib/rviz/render_points_test)
Linked: (/home/pedro/ros/workspaces/atom/devel/.private/rviz/lib/rviz/line_edit_with_button_test, /home/pedro/ros/workspaces/atom/devel/lib/rviz/line_edit_with_button_test)
Linked: (/home/pedro/ros/workspaces/atom/devel/.private/rviz/lib/rviz/color_editor_test, /home/pedro/ros/workspaces/atom/devel/lib/rviz/color_editor_test)
Linked: (/home/pedro/ros/workspaces/atom/devel/.private/rviz/lib/pkgconfig/rviz.pc, /home/pedro/ros/workspaces/atom/devel/lib/pkgconfig/rviz.pc)
Linked: (/home/pedro/ros/workspaces/atom/devel/.private/rviz/share/gennodejs/ros/rviz/_index.js, /home/pedro/ros/workspaces/atom/devel/share/gennodejs/ros/rviz/_index.js)
Linked: (/home/pedro/ros/workspaces/atom/devel/.private/rviz/share/gennodejs/ros/rviz/srv/SendFilePath.js, /home/pedro/ros/workspaces/atom/devel/share/gennodejs/ros/rviz/srv/SendFilePath.js)
Linked: (/home/pedro/ros/workspaces/atom/devel/.private/rviz/share/gennodejs/ros/rviz/srv/_index.js, /home/pedro/ros/workspaces/atom/devel/share/gennodejs/ros/rviz/srv/_index.js)
Linked: (/home/pedro/ros/workspaces/atom/devel/.private/rviz/share/roseus/ros/rviz/manifest.l, /home/pedro/ros/workspaces/atom/devel/share/roseus/ros/rviz/manifest.l)
Linked: (/home/pedro/ros/workspaces/atom/devel/.private/rviz/share/roseus/ros/rviz/srv/SendFilePath.l, /home/pedro/ros/workspaces/atom/devel/share/roseus/ros/rviz/srv/SendFilePath.l)
Linked: (/home/pedro/ros/workspaces/atom/devel/.private/rviz/share/common-lisp/ros/rviz/srv/rviz-srv.asd, /home/pedro/ros/workspaces/atom/devel/share/common-lisp/ros/rviz/srv/rviz-srv.asd)
Linked: (/home/pedro/ros/workspaces/atom/devel/.private/rviz/share/common-lisp/ros/rviz/srv/SendFilePath.lisp, /home/pedro/ros/workspaces/atom/devel/share/common-lisp/ros/rviz/srv/SendFilePath.lisp)
Linked: (/home/pedro/ros/workspaces/atom/devel/.private/rviz/share/common-lisp/ros/rviz/srv/_package_SendFilePath.lisp, /home/pedro/ros/workspaces/atom/devel/share/common-lisp/ros/rviz/srv/_package_SendFilePath.lisp)
Linked: (/home/pedro/ros/workspaces/atom/devel/.private/rviz/share/common-lisp/ros/rviz/srv/_package.lisp, /home/pedro/ros/workspaces/atom/devel/share/common-lisp/ros/rviz/srv/_package.lisp)
Linked: (/home/pedro/ros/workspaces/atom/devel/.private/rviz/share/rviz/cmake/rvizConfig.cmake, /home/pedro/ros/workspaces/atom/devel/share/rviz/cmake/rvizConfig.cmake)
Linked: (/home/pedro/ros/workspaces/atom/devel/.private/rviz/share/rviz/cmake/rvizConfig-version.cmake, /home/pedro/ros/workspaces/atom/devel/share/rviz/cmake/rvizConfig-version.cmake)
Linked: (/home/pedro/ros/workspaces/atom/devel/.private/rviz/share/rviz/cmake/default_plugin_location.cmake, /home/pedro/ros/workspaces/atom/devel/share/rviz/cmake/default_plugin_location.cmake)
Linked: (/home/pedro/ros/workspaces/atom/devel/.private/rviz/share/rviz/cmake/rviz-extras.cmake, /home/pedro/ros/workspaces/atom/devel/share/rviz/cmake/rviz-extras.cmake)
Linked: (/home/pedro/ros/workspaces/atom/devel/.private/rviz/share/rviz/cmake/rviz-msg-extras.cmake, /home/pedro/ros/workspaces/atom/devel/share/rviz/cmake/rviz-msg-extras.cmake)
Linked: (/home/pedro/ros/workspaces/atom/devel/.private/rviz/share/rviz/cmake/rviz-msg-paths.cmake, /home/pedro/ros/workspaces/atom/devel/share/rviz/cmake/rviz-msg-paths.cmake)
