Linked: (/home/pedro/ros/workspaces/atom/devel/.private/atom_msgs/include/atom_msgs/ImageWithRGBLabels.h, /home/pedro/ros/workspaces/atom/devel/include/atom_msgs/ImageWithRGBLabels.h)
Linked: (/home/pedro/ros/workspaces/atom/devel/.private/atom_msgs/include/atom_msgs/GetSensorInteractiveMarkerResponse.h, /home/pedro/ros/workspaces/atom/devel/include/atom_msgs/GetSensorInteractiveMarkerResponse.h)
Linked: (/home/pedro/ros/workspaces/atom/devel/.private/atom_msgs/include/atom_msgs/ToggleAutomaticDataCollector.h, /home/pedro/ros/workspaces/atom/devel/include/atom_msgs/ToggleAutomaticDataCollector.h)
Linked: (/home/pedro/ros/workspaces/atom/devel/.private/atom_msgs/include/atom_msgs/DeleteCollectionResponse.h, /home/pedro/ros/workspaces/atom/devel/include/atom_msgs/DeleteCollectionResponse.h)
Linked: (/home/pedro/ros/workspaces/atom/devel/.private/atom_msgs/include/atom_msgs/GetSensorInteractiveMarkerRequest.h, /home/pedro/ros/workspaces/atom/devel/include/atom_msgs/GetSensorInteractiveMarkerRequest.h)
Linked: (/home/pedro/ros/workspaces/atom/devel/.private/atom_msgs/include/atom_msgs/SaveCollectionRequest.h, /home/pedro/ros/workspaces/atom/devel/include/atom_msgs/SaveCollectionRequest.h)
Linked: (/home/pedro/ros/workspaces/atom/devel/.private/atom_msgs/include/atom_msgs/SetSensorInteractiveMarkerResponse.h, /home/pedro/ros/workspaces/atom/devel/include/atom_msgs/SetSensorInteractiveMarkerResponse.h)
Linked: (/home/pedro/ros/workspaces/atom/devel/.private/atom_msgs/include/atom_msgs/SaveCollectionResponse.h, /home/pedro/ros/workspaces/atom/devel/include/atom_msgs/SaveCollectionResponse.h)
Linked: (/home/pedro/ros/workspaces/atom/devel/.private/atom_msgs/include/atom_msgs/GetSensorInteractiveMarker.h, /home/pedro/ros/workspaces/atom/devel/include/atom_msgs/GetSensorInteractiveMarker.h)
Linked: (/home/pedro/ros/workspaces/atom/devel/.private/atom_msgs/include/atom_msgs/ToggleAutomaticDataCollectorRequest.h, /home/pedro/ros/workspaces/atom/devel/include/atom_msgs/ToggleAutomaticDataCollectorRequest.h)
Linked: (/home/pedro/ros/workspaces/atom/devel/.private/atom_msgs/include/atom_msgs/GetAdditionalTfsInteractiveMarkerRequest.h, /home/pedro/ros/workspaces/atom/devel/include/atom_msgs/GetAdditionalTfsInteractiveMarkerRequest.h)
Linked: (/home/pedro/ros/workspaces/atom/devel/.private/atom_msgs/include/atom_msgs/GetAdditionalTfsInteractiveMarkerResponse.h, /home/pedro/ros/workspaces/atom/devel/include/atom_msgs/GetAdditionalTfsInteractiveMarkerResponse.h)
Linked: (/home/pedro/ros/workspaces/atom/devel/.private/atom_msgs/include/atom_msgs/DeleteCollectionRequest.h, /home/pedro/ros/workspaces/atom/devel/include/atom_msgs/DeleteCollectionRequest.h)
Linked: (/home/pedro/ros/workspaces/atom/devel/.private/atom_msgs/include/atom_msgs/GetDatasetResponse.h, /home/pedro/ros/workspaces/atom/devel/include/atom_msgs/GetDatasetResponse.h)
Linked: (/home/pedro/ros/workspaces/atom/devel/.private/atom_msgs/include/atom_msgs/SaveCollection.h, /home/pedro/ros/workspaces/atom/devel/include/atom_msgs/SaveCollection.h)
Linked: (/home/pedro/ros/workspaces/atom/devel/.private/atom_msgs/include/atom_msgs/SetAdditionalTfsInteractiveMarkerResponse.h, /home/pedro/ros/workspaces/atom/devel/include/atom_msgs/SetAdditionalTfsInteractiveMarkerResponse.h)
Linked: (/home/pedro/ros/workspaces/atom/devel/.private/atom_msgs/include/atom_msgs/GetDataset.h, /home/pedro/ros/workspaces/atom/devel/include/atom_msgs/GetDataset.h)
Linked: (/home/pedro/ros/workspaces/atom/devel/.private/atom_msgs/include/atom_msgs/DeleteCollection.h, /home/pedro/ros/workspaces/atom/devel/include/atom_msgs/DeleteCollection.h)
Linked: (/home/pedro/ros/workspaces/atom/devel/.private/atom_msgs/include/atom_msgs/RGBLabels.h, /home/pedro/ros/workspaces/atom/devel/include/atom_msgs/RGBLabels.h)
Linked: (/home/pedro/ros/workspaces/atom/devel/.private/atom_msgs/include/atom_msgs/GetAdditionalTfsInteractiveMarker.h, /home/pedro/ros/workspaces/atom/devel/include/atom_msgs/GetAdditionalTfsInteractiveMarker.h)
Linked: (/home/pedro/ros/workspaces/atom/devel/.private/atom_msgs/include/atom_msgs/DepthImageWithDepthLabels.h, /home/pedro/ros/workspaces/atom/devel/include/atom_msgs/DepthImageWithDepthLabels.h)
Linked: (/home/pedro/ros/workspaces/atom/devel/.private/atom_msgs/include/atom_msgs/DepthLabels.h, /home/pedro/ros/workspaces/atom/devel/include/atom_msgs/DepthLabels.h)
Linked: (/home/pedro/ros/workspaces/atom/devel/.private/atom_msgs/include/atom_msgs/SetAdditionalTfsInteractiveMarkerRequest.h, /home/pedro/ros/workspaces/atom/devel/include/atom_msgs/SetAdditionalTfsInteractiveMarkerRequest.h)
Linked: (/home/pedro/ros/workspaces/atom/devel/.private/atom_msgs/include/atom_msgs/SetSensorInteractiveMarkerRequest.h, /home/pedro/ros/workspaces/atom/devel/include/atom_msgs/SetSensorInteractiveMarkerRequest.h)
Linked: (/home/pedro/ros/workspaces/atom/devel/.private/atom_msgs/include/atom_msgs/Detection2D.h, /home/pedro/ros/workspaces/atom/devel/include/atom_msgs/Detection2D.h)
Linked: (/home/pedro/ros/workspaces/atom/devel/.private/atom_msgs/include/atom_msgs/ToggleAutomaticDataCollectorResponse.h, /home/pedro/ros/workspaces/atom/devel/include/atom_msgs/ToggleAutomaticDataCollectorResponse.h)
Linked: (/home/pedro/ros/workspaces/atom/devel/.private/atom_msgs/include/atom_msgs/Lidar3DLabels.h, /home/pedro/ros/workspaces/atom/devel/include/atom_msgs/Lidar3DLabels.h)
Linked: (/home/pedro/ros/workspaces/atom/devel/.private/atom_msgs/include/atom_msgs/SetSensorInteractiveMarker.h, /home/pedro/ros/workspaces/atom/devel/include/atom_msgs/SetSensorInteractiveMarker.h)
Linked: (/home/pedro/ros/workspaces/atom/devel/.private/atom_msgs/include/atom_msgs/PointCloudWithLidar3DLabels.h, /home/pedro/ros/workspaces/atom/devel/include/atom_msgs/PointCloudWithLidar3DLabels.h)
Linked: (/home/pedro/ros/workspaces/atom/devel/.private/atom_msgs/include/atom_msgs/SetAdditionalTfsInteractiveMarker.h, /home/pedro/ros/workspaces/atom/devel/include/atom_msgs/SetAdditionalTfsInteractiveMarker.h)
Linked: (/home/pedro/ros/workspaces/atom/devel/.private/atom_msgs/include/atom_msgs/GetDatasetRequest.h, /home/pedro/ros/workspaces/atom/devel/include/atom_msgs/GetDatasetRequest.h)
Linked: (/home/pedro/ros/workspaces/atom/devel/.private/atom_msgs/lib/python3/dist-packages/atom_msgs/__init__.py, /home/pedro/ros/workspaces/atom/devel/lib/python3/dist-packages/atom_msgs/__init__.py)
Linked: (/home/pedro/ros/workspaces/atom/devel/.private/atom_msgs/lib/python3/dist-packages/atom_msgs/srv/_DeleteCollection.py, /home/pedro/ros/workspaces/atom/devel/lib/python3/dist-packages/atom_msgs/srv/_DeleteCollection.py)
Linked: (/home/pedro/ros/workspaces/atom/devel/.private/atom_msgs/lib/python3/dist-packages/atom_msgs/srv/_GetSensorInteractiveMarker.py, /home/pedro/ros/workspaces/atom/devel/lib/python3/dist-packages/atom_msgs/srv/_GetSensorInteractiveMarker.py)
Linked: (/home/pedro/ros/workspaces/atom/devel/.private/atom_msgs/lib/python3/dist-packages/atom_msgs/srv/_GetAdditionalTfsInteractiveMarker.py, /home/pedro/ros/workspaces/atom/devel/lib/python3/dist-packages/atom_msgs/srv/_GetAdditionalTfsInteractiveMarker.py)
Linked: (/home/pedro/ros/workspaces/atom/devel/.private/atom_msgs/lib/python3/dist-packages/atom_msgs/srv/_ToggleAutomaticDataCollector.py, /home/pedro/ros/workspaces/atom/devel/lib/python3/dist-packages/atom_msgs/srv/_ToggleAutomaticDataCollector.py)
Linked: (/home/pedro/ros/workspaces/atom/devel/.private/atom_msgs/lib/python3/dist-packages/atom_msgs/srv/_SaveCollection.py, /home/pedro/ros/workspaces/atom/devel/lib/python3/dist-packages/atom_msgs/srv/_SaveCollection.py)
Linked: (/home/pedro/ros/workspaces/atom/devel/.private/atom_msgs/lib/python3/dist-packages/atom_msgs/srv/_SetAdditionalTfsInteractiveMarker.py, /home/pedro/ros/workspaces/atom/devel/lib/python3/dist-packages/atom_msgs/srv/_SetAdditionalTfsInteractiveMarker.py)
Linked: (/home/pedro/ros/workspaces/atom/devel/.private/atom_msgs/lib/python3/dist-packages/atom_msgs/srv/__init__.py, /home/pedro/ros/workspaces/atom/devel/lib/python3/dist-packages/atom_msgs/srv/__init__.py)
Linked: (/home/pedro/ros/workspaces/atom/devel/.private/atom_msgs/lib/python3/dist-packages/atom_msgs/srv/_SetSensorInteractiveMarker.py, /home/pedro/ros/workspaces/atom/devel/lib/python3/dist-packages/atom_msgs/srv/_SetSensorInteractiveMarker.py)
Linked: (/home/pedro/ros/workspaces/atom/devel/.private/atom_msgs/lib/python3/dist-packages/atom_msgs/srv/_GetDataset.py, /home/pedro/ros/workspaces/atom/devel/lib/python3/dist-packages/atom_msgs/srv/_GetDataset.py)
Linked: (/home/pedro/ros/workspaces/atom/devel/.private/atom_msgs/lib/python3/dist-packages/atom_msgs/msg/_RGBLabels.py, /home/pedro/ros/workspaces/atom/devel/lib/python3/dist-packages/atom_msgs/msg/_RGBLabels.py)
Linked: (/home/pedro/ros/workspaces/atom/devel/.private/atom_msgs/lib/python3/dist-packages/atom_msgs/msg/_Lidar3DLabels.py, /home/pedro/ros/workspaces/atom/devel/lib/python3/dist-packages/atom_msgs/msg/_Lidar3DLabels.py)
Linked: (/home/pedro/ros/workspaces/atom/devel/.private/atom_msgs/lib/python3/dist-packages/atom_msgs/msg/_ImageWithRGBLabels.py, /home/pedro/ros/workspaces/atom/devel/lib/python3/dist-packages/atom_msgs/msg/_ImageWithRGBLabels.py)
Linked: (/home/pedro/ros/workspaces/atom/devel/.private/atom_msgs/lib/python3/dist-packages/atom_msgs/msg/_DepthLabels.py, /home/pedro/ros/workspaces/atom/devel/lib/python3/dist-packages/atom_msgs/msg/_DepthLabels.py)
Linked: (/home/pedro/ros/workspaces/atom/devel/.private/atom_msgs/lib/python3/dist-packages/atom_msgs/msg/_Detection2D.py, /home/pedro/ros/workspaces/atom/devel/lib/python3/dist-packages/atom_msgs/msg/_Detection2D.py)
Linked: (/home/pedro/ros/workspaces/atom/devel/.private/atom_msgs/lib/python3/dist-packages/atom_msgs/msg/_PointCloudWithLidar3DLabels.py, /home/pedro/ros/workspaces/atom/devel/lib/python3/dist-packages/atom_msgs/msg/_PointCloudWithLidar3DLabels.py)
Linked: (/home/pedro/ros/workspaces/atom/devel/.private/atom_msgs/lib/python3/dist-packages/atom_msgs/msg/_DepthImageWithDepthLabels.py, /home/pedro/ros/workspaces/atom/devel/lib/python3/dist-packages/atom_msgs/msg/_DepthImageWithDepthLabels.py)
Linked: (/home/pedro/ros/workspaces/atom/devel/.private/atom_msgs/lib/python3/dist-packages/atom_msgs/msg/__init__.py, /home/pedro/ros/workspaces/atom/devel/lib/python3/dist-packages/atom_msgs/msg/__init__.py)
Linked: (/home/pedro/ros/workspaces/atom/devel/.private/atom_msgs/lib/pkgconfig/atom_msgs.pc, /home/pedro/ros/workspaces/atom/devel/lib/pkgconfig/atom_msgs.pc)
Linked: (/home/pedro/ros/workspaces/atom/devel/.private/atom_msgs/share/atom_msgs/cmake/atom_msgsConfig.cmake, /home/pedro/ros/workspaces/atom/devel/share/atom_msgs/cmake/atom_msgsConfig.cmake)
Linked: (/home/pedro/ros/workspaces/atom/devel/.private/atom_msgs/share/atom_msgs/cmake/atom_msgs-msg-paths.cmake, /home/pedro/ros/workspaces/atom/devel/share/atom_msgs/cmake/atom_msgs-msg-paths.cmake)
Linked: (/home/pedro/ros/workspaces/atom/devel/.private/atom_msgs/share/atom_msgs/cmake/atom_msgsConfig-version.cmake, /home/pedro/ros/workspaces/atom/devel/share/atom_msgs/cmake/atom_msgsConfig-version.cmake)
Linked: (/home/pedro/ros/workspaces/atom/devel/.private/atom_msgs/share/atom_msgs/cmake/atom_msgs-msg-extras.cmake, /home/pedro/ros/workspaces/atom/devel/share/atom_msgs/cmake/atom_msgs-msg-extras.cmake)
Linked: (/home/pedro/ros/workspaces/atom/devel/.private/atom_msgs/share/gennodejs/ros/atom_msgs/_index.js, /home/pedro/ros/workspaces/atom/devel/share/gennodejs/ros/atom_msgs/_index.js)
Linked: (/home/pedro/ros/workspaces/atom/devel/.private/atom_msgs/share/gennodejs/ros/atom_msgs/srv/GetDataset.js, /home/pedro/ros/workspaces/atom/devel/share/gennodejs/ros/atom_msgs/srv/GetDataset.js)
Linked: (/home/pedro/ros/workspaces/atom/devel/.private/atom_msgs/share/gennodejs/ros/atom_msgs/srv/ToggleAutomaticDataCollector.js, /home/pedro/ros/workspaces/atom/devel/share/gennodejs/ros/atom_msgs/srv/ToggleAutomaticDataCollector.js)
Linked: (/home/pedro/ros/workspaces/atom/devel/.private/atom_msgs/share/gennodejs/ros/atom_msgs/srv/GetAdditionalTfsInteractiveMarker.js, /home/pedro/ros/workspaces/atom/devel/share/gennodejs/ros/atom_msgs/srv/GetAdditionalTfsInteractiveMarker.js)
Linked: (/home/pedro/ros/workspaces/atom/devel/.private/atom_msgs/share/gennodejs/ros/atom_msgs/srv/SetSensorInteractiveMarker.js, /home/pedro/ros/workspaces/atom/devel/share/gennodejs/ros/atom_msgs/srv/SetSensorInteractiveMarker.js)
Linked: (/home/pedro/ros/workspaces/atom/devel/.private/atom_msgs/share/gennodejs/ros/atom_msgs/srv/SaveCollection.js, /home/pedro/ros/workspaces/atom/devel/share/gennodejs/ros/atom_msgs/srv/SaveCollection.js)
Linked: (/home/pedro/ros/workspaces/atom/devel/.private/atom_msgs/share/gennodejs/ros/atom_msgs/srv/GetSensorInteractiveMarker.js, /home/pedro/ros/workspaces/atom/devel/share/gennodejs/ros/atom_msgs/srv/GetSensorInteractiveMarker.js)
Linked: (/home/pedro/ros/workspaces/atom/devel/.private/atom_msgs/share/gennodejs/ros/atom_msgs/srv/DeleteCollection.js, /home/pedro/ros/workspaces/atom/devel/share/gennodejs/ros/atom_msgs/srv/DeleteCollection.js)
Linked: (/home/pedro/ros/workspaces/atom/devel/.private/atom_msgs/share/gennodejs/ros/atom_msgs/srv/_index.js, /home/pedro/ros/workspaces/atom/devel/share/gennodejs/ros/atom_msgs/srv/_index.js)
Linked: (/home/pedro/ros/workspaces/atom/devel/.private/atom_msgs/share/gennodejs/ros/atom_msgs/srv/SetAdditionalTfsInteractiveMarker.js, /home/pedro/ros/workspaces/atom/devel/share/gennodejs/ros/atom_msgs/srv/SetAdditionalTfsInteractiveMarker.js)
Linked: (/home/pedro/ros/workspaces/atom/devel/.private/atom_msgs/share/gennodejs/ros/atom_msgs/msg/Detection2D.js, /home/pedro/ros/workspaces/atom/devel/share/gennodejs/ros/atom_msgs/msg/Detection2D.js)
Linked: (/home/pedro/ros/workspaces/atom/devel/.private/atom_msgs/share/gennodejs/ros/atom_msgs/msg/DepthImageWithDepthLabels.js, /home/pedro/ros/workspaces/atom/devel/share/gennodejs/ros/atom_msgs/msg/DepthImageWithDepthLabels.js)
Linked: (/home/pedro/ros/workspaces/atom/devel/.private/atom_msgs/share/gennodejs/ros/atom_msgs/msg/Lidar3DLabels.js, /home/pedro/ros/workspaces/atom/devel/share/gennodejs/ros/atom_msgs/msg/Lidar3DLabels.js)
Linked: (/home/pedro/ros/workspaces/atom/devel/.private/atom_msgs/share/gennodejs/ros/atom_msgs/msg/RGBLabels.js, /home/pedro/ros/workspaces/atom/devel/share/gennodejs/ros/atom_msgs/msg/RGBLabels.js)
Linked: (/home/pedro/ros/workspaces/atom/devel/.private/atom_msgs/share/gennodejs/ros/atom_msgs/msg/ImageWithRGBLabels.js, /home/pedro/ros/workspaces/atom/devel/share/gennodejs/ros/atom_msgs/msg/ImageWithRGBLabels.js)
Linked: (/home/pedro/ros/workspaces/atom/devel/.private/atom_msgs/share/gennodejs/ros/atom_msgs/msg/PointCloudWithLidar3DLabels.js, /home/pedro/ros/workspaces/atom/devel/share/gennodejs/ros/atom_msgs/msg/PointCloudWithLidar3DLabels.js)
Linked: (/home/pedro/ros/workspaces/atom/devel/.private/atom_msgs/share/gennodejs/ros/atom_msgs/msg/_index.js, /home/pedro/ros/workspaces/atom/devel/share/gennodejs/ros/atom_msgs/msg/_index.js)
Linked: (/home/pedro/ros/workspaces/atom/devel/.private/atom_msgs/share/gennodejs/ros/atom_msgs/msg/DepthLabels.js, /home/pedro/ros/workspaces/atom/devel/share/gennodejs/ros/atom_msgs/msg/DepthLabels.js)
Linked: (/home/pedro/ros/workspaces/atom/devel/.private/atom_msgs/share/roseus/ros/atom_msgs/manifest.l, /home/pedro/ros/workspaces/atom/devel/share/roseus/ros/atom_msgs/manifest.l)
Linked: (/home/pedro/ros/workspaces/atom/devel/.private/atom_msgs/share/roseus/ros/atom_msgs/srv/GetAdditionalTfsInteractiveMarker.l, /home/pedro/ros/workspaces/atom/devel/share/roseus/ros/atom_msgs/srv/GetAdditionalTfsInteractiveMarker.l)
Linked: (/home/pedro/ros/workspaces/atom/devel/.private/atom_msgs/share/roseus/ros/atom_msgs/srv/SetAdditionalTfsInteractiveMarker.l, /home/pedro/ros/workspaces/atom/devel/share/roseus/ros/atom_msgs/srv/SetAdditionalTfsInteractiveMarker.l)
Linked: (/home/pedro/ros/workspaces/atom/devel/.private/atom_msgs/share/roseus/ros/atom_msgs/srv/SetSensorInteractiveMarker.l, /home/pedro/ros/workspaces/atom/devel/share/roseus/ros/atom_msgs/srv/SetSensorInteractiveMarker.l)
Linked: (/home/pedro/ros/workspaces/atom/devel/.private/atom_msgs/share/roseus/ros/atom_msgs/srv/GetDataset.l, /home/pedro/ros/workspaces/atom/devel/share/roseus/ros/atom_msgs/srv/GetDataset.l)
Linked: (/home/pedro/ros/workspaces/atom/devel/.private/atom_msgs/share/roseus/ros/atom_msgs/srv/ToggleAutomaticDataCollector.l, /home/pedro/ros/workspaces/atom/devel/share/roseus/ros/atom_msgs/srv/ToggleAutomaticDataCollector.l)
Linked: (/home/pedro/ros/workspaces/atom/devel/.private/atom_msgs/share/roseus/ros/atom_msgs/srv/GetSensorInteractiveMarker.l, /home/pedro/ros/workspaces/atom/devel/share/roseus/ros/atom_msgs/srv/GetSensorInteractiveMarker.l)
Linked: (/home/pedro/ros/workspaces/atom/devel/.private/atom_msgs/share/roseus/ros/atom_msgs/srv/SaveCollection.l, /home/pedro/ros/workspaces/atom/devel/share/roseus/ros/atom_msgs/srv/SaveCollection.l)
Linked: (/home/pedro/ros/workspaces/atom/devel/.private/atom_msgs/share/roseus/ros/atom_msgs/srv/DeleteCollection.l, /home/pedro/ros/workspaces/atom/devel/share/roseus/ros/atom_msgs/srv/DeleteCollection.l)
Linked: (/home/pedro/ros/workspaces/atom/devel/.private/atom_msgs/share/roseus/ros/atom_msgs/msg/ImageWithRGBLabels.l, /home/pedro/ros/workspaces/atom/devel/share/roseus/ros/atom_msgs/msg/ImageWithRGBLabels.l)
Linked: (/home/pedro/ros/workspaces/atom/devel/.private/atom_msgs/share/roseus/ros/atom_msgs/msg/DepthLabels.l, /home/pedro/ros/workspaces/atom/devel/share/roseus/ros/atom_msgs/msg/DepthLabels.l)
Linked: (/home/pedro/ros/workspaces/atom/devel/.private/atom_msgs/share/roseus/ros/atom_msgs/msg/DepthImageWithDepthLabels.l, /home/pedro/ros/workspaces/atom/devel/share/roseus/ros/atom_msgs/msg/DepthImageWithDepthLabels.l)
Linked: (/home/pedro/ros/workspaces/atom/devel/.private/atom_msgs/share/roseus/ros/atom_msgs/msg/RGBLabels.l, /home/pedro/ros/workspaces/atom/devel/share/roseus/ros/atom_msgs/msg/RGBLabels.l)
Linked: (/home/pedro/ros/workspaces/atom/devel/.private/atom_msgs/share/roseus/ros/atom_msgs/msg/Lidar3DLabels.l, /home/pedro/ros/workspaces/atom/devel/share/roseus/ros/atom_msgs/msg/Lidar3DLabels.l)
Linked: (/home/pedro/ros/workspaces/atom/devel/.private/atom_msgs/share/roseus/ros/atom_msgs/msg/Detection2D.l, /home/pedro/ros/workspaces/atom/devel/share/roseus/ros/atom_msgs/msg/Detection2D.l)
Linked: (/home/pedro/ros/workspaces/atom/devel/.private/atom_msgs/share/roseus/ros/atom_msgs/msg/PointCloudWithLidar3DLabels.l, /home/pedro/ros/workspaces/atom/devel/share/roseus/ros/atom_msgs/msg/PointCloudWithLidar3DLabels.l)
Linked: (/home/pedro/ros/workspaces/atom/devel/.private/atom_msgs/share/common-lisp/ros/atom_msgs/srv/DeleteCollection.lisp, /home/pedro/ros/workspaces/atom/devel/share/common-lisp/ros/atom_msgs/srv/DeleteCollection.lisp)
Linked: (/home/pedro/ros/workspaces/atom/devel/.private/atom_msgs/share/common-lisp/ros/atom_msgs/srv/_package_GetDataset.lisp, /home/pedro/ros/workspaces/atom/devel/share/common-lisp/ros/atom_msgs/srv/_package_GetDataset.lisp)
Linked: (/home/pedro/ros/workspaces/atom/devel/.private/atom_msgs/share/common-lisp/ros/atom_msgs/srv/ToggleAutomaticDataCollector.lisp, /home/pedro/ros/workspaces/atom/devel/share/common-lisp/ros/atom_msgs/srv/ToggleAutomaticDataCollector.lisp)
Linked: (/home/pedro/ros/workspaces/atom/devel/.private/atom_msgs/share/common-lisp/ros/atom_msgs/srv/SetAdditionalTfsInteractiveMarker.lisp, /home/pedro/ros/workspaces/atom/devel/share/common-lisp/ros/atom_msgs/srv/SetAdditionalTfsInteractiveMarker.lisp)
Linked: (/home/pedro/ros/workspaces/atom/devel/.private/atom_msgs/share/common-lisp/ros/atom_msgs/srv/_package_SaveCollection.lisp, /home/pedro/ros/workspaces/atom/devel/share/common-lisp/ros/atom_msgs/srv/_package_SaveCollection.lisp)
Linked: (/home/pedro/ros/workspaces/atom/devel/.private/atom_msgs/share/common-lisp/ros/atom_msgs/srv/_package_GetAdditionalTfsInteractiveMarker.lisp, /home/pedro/ros/workspaces/atom/devel/share/common-lisp/ros/atom_msgs/srv/_package_GetAdditionalTfsInteractiveMarker.lisp)
Linked: (/home/pedro/ros/workspaces/atom/devel/.private/atom_msgs/share/common-lisp/ros/atom_msgs/srv/_package_SetAdditionalTfsInteractiveMarker.lisp, /home/pedro/ros/workspaces/atom/devel/share/common-lisp/ros/atom_msgs/srv/_package_SetAdditionalTfsInteractiveMarker.lisp)
Linked: (/home/pedro/ros/workspaces/atom/devel/.private/atom_msgs/share/common-lisp/ros/atom_msgs/srv/SaveCollection.lisp, /home/pedro/ros/workspaces/atom/devel/share/common-lisp/ros/atom_msgs/srv/SaveCollection.lisp)
Linked: (/home/pedro/ros/workspaces/atom/devel/.private/atom_msgs/share/common-lisp/ros/atom_msgs/srv/SetSensorInteractiveMarker.lisp, /home/pedro/ros/workspaces/atom/devel/share/common-lisp/ros/atom_msgs/srv/SetSensorInteractiveMarker.lisp)
Linked: (/home/pedro/ros/workspaces/atom/devel/.private/atom_msgs/share/common-lisp/ros/atom_msgs/srv/GetDataset.lisp, /home/pedro/ros/workspaces/atom/devel/share/common-lisp/ros/atom_msgs/srv/GetDataset.lisp)
Linked: (/home/pedro/ros/workspaces/atom/devel/.private/atom_msgs/share/common-lisp/ros/atom_msgs/srv/_package_SetSensorInteractiveMarker.lisp, /home/pedro/ros/workspaces/atom/devel/share/common-lisp/ros/atom_msgs/srv/_package_SetSensorInteractiveMarker.lisp)
Linked: (/home/pedro/ros/workspaces/atom/devel/.private/atom_msgs/share/common-lisp/ros/atom_msgs/srv/atom_msgs-srv.asd, /home/pedro/ros/workspaces/atom/devel/share/common-lisp/ros/atom_msgs/srv/atom_msgs-srv.asd)
Linked: (/home/pedro/ros/workspaces/atom/devel/.private/atom_msgs/share/common-lisp/ros/atom_msgs/srv/GetAdditionalTfsInteractiveMarker.lisp, /home/pedro/ros/workspaces/atom/devel/share/common-lisp/ros/atom_msgs/srv/GetAdditionalTfsInteractiveMarker.lisp)
Linked: (/home/pedro/ros/workspaces/atom/devel/.private/atom_msgs/share/common-lisp/ros/atom_msgs/srv/_package_ToggleAutomaticDataCollector.lisp, /home/pedro/ros/workspaces/atom/devel/share/common-lisp/ros/atom_msgs/srv/_package_ToggleAutomaticDataCollector.lisp)
Linked: (/home/pedro/ros/workspaces/atom/devel/.private/atom_msgs/share/common-lisp/ros/atom_msgs/srv/_package_DeleteCollection.lisp, /home/pedro/ros/workspaces/atom/devel/share/common-lisp/ros/atom_msgs/srv/_package_DeleteCollection.lisp)
Linked: (/home/pedro/ros/workspaces/atom/devel/.private/atom_msgs/share/common-lisp/ros/atom_msgs/srv/GetSensorInteractiveMarker.lisp, /home/pedro/ros/workspaces/atom/devel/share/common-lisp/ros/atom_msgs/srv/GetSensorInteractiveMarker.lisp)
Linked: (/home/pedro/ros/workspaces/atom/devel/.private/atom_msgs/share/common-lisp/ros/atom_msgs/srv/_package_GetSensorInteractiveMarker.lisp, /home/pedro/ros/workspaces/atom/devel/share/common-lisp/ros/atom_msgs/srv/_package_GetSensorInteractiveMarker.lisp)
Linked: (/home/pedro/ros/workspaces/atom/devel/.private/atom_msgs/share/common-lisp/ros/atom_msgs/srv/_package.lisp, /home/pedro/ros/workspaces/atom/devel/share/common-lisp/ros/atom_msgs/srv/_package.lisp)
Linked: (/home/pedro/ros/workspaces/atom/devel/.private/atom_msgs/share/common-lisp/ros/atom_msgs/msg/_package_RGBLabels.lisp, /home/pedro/ros/workspaces/atom/devel/share/common-lisp/ros/atom_msgs/msg/_package_RGBLabels.lisp)
Linked: (/home/pedro/ros/workspaces/atom/devel/.private/atom_msgs/share/common-lisp/ros/atom_msgs/msg/_package_DepthLabels.lisp, /home/pedro/ros/workspaces/atom/devel/share/common-lisp/ros/atom_msgs/msg/_package_DepthLabels.lisp)
Linked: (/home/pedro/ros/workspaces/atom/devel/.private/atom_msgs/share/common-lisp/ros/atom_msgs/msg/ImageWithRGBLabels.lisp, /home/pedro/ros/workspaces/atom/devel/share/common-lisp/ros/atom_msgs/msg/ImageWithRGBLabels.lisp)
Linked: (/home/pedro/ros/workspaces/atom/devel/.private/atom_msgs/share/common-lisp/ros/atom_msgs/msg/atom_msgs-msg.asd, /home/pedro/ros/workspaces/atom/devel/share/common-lisp/ros/atom_msgs/msg/atom_msgs-msg.asd)
Linked: (/home/pedro/ros/workspaces/atom/devel/.private/atom_msgs/share/common-lisp/ros/atom_msgs/msg/_package_Detection2D.lisp, /home/pedro/ros/workspaces/atom/devel/share/common-lisp/ros/atom_msgs/msg/_package_Detection2D.lisp)
Linked: (/home/pedro/ros/workspaces/atom/devel/.private/atom_msgs/share/common-lisp/ros/atom_msgs/msg/_package_PointCloudWithLidar3DLabels.lisp, /home/pedro/ros/workspaces/atom/devel/share/common-lisp/ros/atom_msgs/msg/_package_PointCloudWithLidar3DLabels.lisp)
Linked: (/home/pedro/ros/workspaces/atom/devel/.private/atom_msgs/share/common-lisp/ros/atom_msgs/msg/_package_DepthImageWithDepthLabels.lisp, /home/pedro/ros/workspaces/atom/devel/share/common-lisp/ros/atom_msgs/msg/_package_DepthImageWithDepthLabels.lisp)
Linked: (/home/pedro/ros/workspaces/atom/devel/.private/atom_msgs/share/common-lisp/ros/atom_msgs/msg/DepthLabels.lisp, /home/pedro/ros/workspaces/atom/devel/share/common-lisp/ros/atom_msgs/msg/DepthLabels.lisp)
Linked: (/home/pedro/ros/workspaces/atom/devel/.private/atom_msgs/share/common-lisp/ros/atom_msgs/msg/RGBLabels.lisp, /home/pedro/ros/workspaces/atom/devel/share/common-lisp/ros/atom_msgs/msg/RGBLabels.lisp)
Linked: (/home/pedro/ros/workspaces/atom/devel/.private/atom_msgs/share/common-lisp/ros/atom_msgs/msg/PointCloudWithLidar3DLabels.lisp, /home/pedro/ros/workspaces/atom/devel/share/common-lisp/ros/atom_msgs/msg/PointCloudWithLidar3DLabels.lisp)
Linked: (/home/pedro/ros/workspaces/atom/devel/.private/atom_msgs/share/common-lisp/ros/atom_msgs/msg/Detection2D.lisp, /home/pedro/ros/workspaces/atom/devel/share/common-lisp/ros/atom_msgs/msg/Detection2D.lisp)
Linked: (/home/pedro/ros/workspaces/atom/devel/.private/atom_msgs/share/common-lisp/ros/atom_msgs/msg/_package_Lidar3DLabels.lisp, /home/pedro/ros/workspaces/atom/devel/share/common-lisp/ros/atom_msgs/msg/_package_Lidar3DLabels.lisp)
Linked: (/home/pedro/ros/workspaces/atom/devel/.private/atom_msgs/share/common-lisp/ros/atom_msgs/msg/DepthImageWithDepthLabels.lisp, /home/pedro/ros/workspaces/atom/devel/share/common-lisp/ros/atom_msgs/msg/DepthImageWithDepthLabels.lisp)
Linked: (/home/pedro/ros/workspaces/atom/devel/.private/atom_msgs/share/common-lisp/ros/atom_msgs/msg/Lidar3DLabels.lisp, /home/pedro/ros/workspaces/atom/devel/share/common-lisp/ros/atom_msgs/msg/Lidar3DLabels.lisp)
Linked: (/home/pedro/ros/workspaces/atom/devel/.private/atom_msgs/share/common-lisp/ros/atom_msgs/msg/_package_ImageWithRGBLabels.lisp, /home/pedro/ros/workspaces/atom/devel/share/common-lisp/ros/atom_msgs/msg/_package_ImageWithRGBLabels.lisp)
Linked: (/home/pedro/ros/workspaces/atom/devel/.private/atom_msgs/share/common-lisp/ros/atom_msgs/msg/_package.lisp, /home/pedro/ros/workspaces/atom/devel/share/common-lisp/ros/atom_msgs/msg/_package.lisp)
