[  0%] Built target _atom_msgs_generate_messages_check_deps_DeleteCollection
[  0%] Built target _atom_msgs_generate_messages_check_deps_SetSensorInteractiveMarker
[  0%] Built target std_msgs_generate_messages_lisp
[  0%] Built target _atom_msgs_generate_messages_check_deps_DepthImageWithDepthLabels
[  0%] Built target _atom_msgs_generate_messages_check_deps_Detection2D
[  0%] Built target _atom_msgs_generate_messages_check_deps_RGBLabels
[  0%] Built target sensor_msgs_generate_messages_lisp
[  0%] Built target _atom_msgs_generate_messages_check_deps_GetSensorInteractiveMarker
[  0%] Built target _atom_msgs_generate_messages_check_deps_ImageWithRGBLabels
[  0%] Built target _atom_msgs_generate_messages_check_deps_PointCloudWithLidar3DLabels
[  0%] Built target _atom_msgs_generate_messages_check_deps_Lidar3DLabels
[  0%] Built target _atom_msgs_generate_messages_check_deps_SetAdditionalTfsInteractiveMarker
[  0%] Built target _atom_msgs_generate_messages_check_deps_DepthLabels
[  0%] Built target _atom_msgs_generate_messages_check_deps_GetAdditionalTfsInteractiveMarker
[  0%] Built target std_msgs_generate_messages_py
[  0%] Built target _atom_msgs_generate_messages_check_deps_GetDataset
[  0%] Built target sensor_msgs_generate_messages_py
[  0%] Built target _atom_msgs_generate_messages_check_deps_SaveCollection
[  0%] Built target std_msgs_generate_messages_nodejs
[  0%] Built target sensor_msgs_generate_messages_nodejs
[  0%] Built target sensor_msgs_generate_messages_cpp
[  0%] Built target _atom_msgs_generate_messages_check_deps_ToggleAutomaticDataCollector
[  0%] Built target std_msgs_generate_messages_cpp
[  0%] Built target std_msgs_generate_messages_eus
[  0%] Built target sensor_msgs_generate_messages_eus
[ 38%] Built target atom_msgs_generate_messages_lisp
[ 38%] Built target atom_msgs_generate_messages_nodejs
[ 60%] Built target atom_msgs_generate_messages_py
[100%] Built target atom_msgs_generate_messages_cpp
[100%] Built target atom_msgs_generate_messages_eus
[100%] Built target atom_msgs_generate_messages
